<?xml version="1.0" encoding="UTF-8"?>
<!-- Generated by org.testng.reporters.JUnitXMLReporter -->
<testsuite hostname="FLCDTLD01RX342P" name="Sample Test Case" tests="1" failures="0" timestamp="22 Feb 2012 18:18:51 GMT" time="0.0040" errors="0">
  <testcase name="@BeforeTest openBrowser" time="0.0" classname="com.myapp.SampleTest">
    <skipped/>
  </testcase> <!-- @BeforeTest openBrowser -->
  <testcase name="@AfterTest closingBrowser" time="0.0" classname="com.myapp.SampleTest">
    <skipped/>
  </testcase> <!-- @AfterTest closingBrowser -->
  <testcase name="testLandingPage" time="0.0" classname="com.myapp.SampleTest">
    <skipped/>
  </testcase> <!-- testLandingPage -->
</testsuite> <!-- Sample Test Case -->
