<?xml version="1.0" encoding="UTF-8"?>
<testng-results skipped="1" failed="0" total="6" passed="5">
  <reporter-output>
  </reporter-output>
  <suite name="Sample Suite Number 2" duration-ms="112" started-at="2012-02-22T13:18:51Z" finished-at="2012-02-22T13:18:51Z">
    <groups>
    </groups>
    <test name="New Test" duration-ms="5" started-at="2012-02-22T13:18:51Z" finished-at="2012-02-22T13:18:51Z">
      <class name="com.myapp.NewTest">
        <test-method status="PASS" signature="beforeTest()[pri:0, instance:com.myapp.NewTest@1f42b49]" name="beforeTest" is-config="true" duration-ms="0" started-at="2012-02-22T13:18:51Z" finished-at="2012-02-22T13:18:51Z">
        </test-method> <!-- beforeTest -->
        <test-method status="PASS" signature="testApp1()[pri:0, instance:com.myapp.NewTest@1f42b49]" name="testApp1" duration-ms="1" started-at="2012-02-22T13:18:51Z" finished-at="2012-02-22T13:18:51Z">
        </test-method> <!-- testApp1 -->
        <test-method status="PASS" signature="beforeMethod()[pri:0, instance:com.myapp.NewTest@1f42b49]" name="beforeMethod" is-config="true" duration-ms="0" started-at="2012-02-22T13:18:51Z" finished-at="2012-02-22T13:18:51Z">
        </test-method> <!-- beforeMethod -->
        <test-method status="PASS" signature="afterMethod()[pri:0, instance:com.myapp.NewTest@1f42b49]" name="afterMethod" is-config="true" duration-ms="1" started-at="2012-02-22T13:18:51Z" finished-at="2012-02-22T13:18:51Z">
        </test-method> <!-- afterMethod -->
        <test-method status="PASS" signature="beforeMethod()[pri:0, instance:com.myapp.NewTest@1f42b49]" name="beforeMethod" is-config="true" duration-ms="0" started-at="2012-02-22T13:18:51Z" finished-at="2012-02-22T13:18:51Z">
        </test-method> <!-- beforeMethod -->
        <test-method status="PASS" signature="afterMethod()[pri:0, instance:com.myapp.NewTest@1f42b49]" name="afterMethod" is-config="true" duration-ms="1" started-at="2012-02-22T13:18:51Z" finished-at="2012-02-22T13:18:51Z">
        </test-method> <!-- afterMethod -->
        <test-method status="PASS" signature="testApp2()[pri:0, instance:com.myapp.NewTest@1f42b49]" name="testApp2" duration-ms="0" started-at="2012-02-22T13:18:51Z" finished-at="2012-02-22T13:18:51Z">
        </test-method> <!-- testApp2 -->
        <test-method status="PASS" signature="beforeMethod()[pri:0, instance:com.myapp.NewTest@1f42b49]" name="beforeMethod" is-config="true" duration-ms="0" started-at="2012-02-22T13:18:51Z" finished-at="2012-02-22T13:18:51Z">
        </test-method> <!-- beforeMethod -->
        <test-method status="PASS" signature="testApp3()[pri:0, instance:com.myapp.NewTest@1f42b49]" name="testApp3" duration-ms="0" started-at="2012-02-22T13:18:51Z" finished-at="2012-02-22T13:18:51Z">
        </test-method> <!-- testApp3 -->
        <test-method status="PASS" signature="afterTest()[pri:0, instance:com.myapp.NewTest@1f42b49]" name="afterTest" is-config="true" duration-ms="0" started-at="2012-02-22T13:18:51Z" finished-at="2012-02-22T13:18:51Z">
        </test-method> <!-- afterTest -->
        <test-method status="PASS" signature="afterMethod()[pri:0, instance:com.myapp.NewTest@1f42b49]" name="afterMethod" is-config="true" duration-ms="0" started-at="2012-02-22T13:18:51Z" finished-at="2012-02-22T13:18:51Z">
        </test-method> <!-- afterMethod -->
      </class> <!-- com.myapp.NewTest -->
    </test> <!-- New Test -->
    <test name="Money Transfer Test Case" duration-ms="17" started-at="2012-02-22T13:18:51Z" finished-at="2012-02-22T13:18:51Z">
      <class name="com.myapp.MoneyTransferTest">
        <test-method status="PASS" signature="transferMoneyTest(java.lang.String, java.lang.String, java.lang.String, java.lang.String, java.lang.String)[pri:0, instance:com.myapp.MoneyTransferTest@503429]" name="transferMoneyTest" duration-ms="5" started-at="2012-02-22T13:18:51Z" finished-at="2012-02-22T13:18:51Z">
          <params>
            <param index="0">
              <value>
                <![CDATA[8202 USD]]>
              </value>
            </param>
            <param index="1">
              <value>
                <![CDATA[Sender 1 Account]]>
              </value>
            </param>
            <param index="2">
              <value>
                <![CDATA[Sender 1 Name]]>
              </value>
            </param>
            <param index="3">
              <value>
                <![CDATA[Receiver 1 Account]]>
              </value>
            </param>
            <param index="4">
              <value>
                <![CDATA[Receiver 1 Name]]>
              </value>
            </param>
          </params>
        </test-method> <!-- transferMoneyTest -->
        <test-method status="PASS" signature="transferMoneyTest(java.lang.String, java.lang.String, java.lang.String, java.lang.String, java.lang.String)[pri:0, instance:com.myapp.MoneyTransferTest@503429]" name="transferMoneyTest" duration-ms="1" started-at="2012-02-22T13:18:51Z" finished-at="2012-02-22T13:18:51Z">
          <params>
            <param index="0">
              <value>
                <![CDATA[3123 USD]]>
              </value>
            </param>
            <param index="1">
              <value>
                <![CDATA[Sender 2 Account]]>
              </value>
            </param>
            <param index="2">
              <value>
                <![CDATA[Sender 2 Name]]>
              </value>
            </param>
            <param index="3">
              <value>
                <![CDATA[Receiver 2 Account]]>
              </value>
            </param>
            <param index="4">
              <value>
                <![CDATA[Receiver 2 Name]]>
              </value>
            </param>
          </params>
        </test-method> <!-- transferMoneyTest -->
      </class> <!-- com.myapp.MoneyTransferTest -->
    </test> <!-- Money Transfer Test Case -->
    <test name="Sample Test Case" duration-ms="4" started-at="2012-02-22T13:18:51Z" finished-at="2012-02-22T13:18:51Z">
      <class name="com.myapp.SampleTest">
        <test-method status="SKIP" signature="openBrowser()[pri:0, instance:com.myapp.SampleTest@8fce95]" name="openBrowser" is-config="true" duration-ms="0" started-at="2012-02-22T13:18:51Z" finished-at="2012-02-22T13:18:51Z">
          <exception class="org.testng.SkipException">
            <message>
              <![CDATA[Skipping test because of XYZ reason.]]>
            </message>
            <full-stacktrace>
              <![CDATA[org.testng.SkipException: Skipping test because of XYZ reason.
	at com.myapp.SampleTest.openBrowser(SampleTest.java:14)
	at sun.reflect.NativeMethodAccessorImpl.invoke0(Native Method)
	at sun.reflect.NativeMethodAccessorImpl.invoke(Unknown Source)
	at sun.reflect.DelegatingMethodAccessorImpl.invoke(Unknown Source)
	at java.lang.reflect.Method.invoke(Unknown Source)
	at org.testng.internal.MethodInvocationHelper.invokeMethod(MethodInvocationHelper.java:80)
	at org.testng.internal.Invoker.invokeConfigurationMethod(Invoker.java:551)
	at org.testng.internal.Invoker.invokeConfigurations(Invoker.java:213)
	at org.testng.internal.Invoker.invokeConfigurations(Invoker.java:138)
	at org.testng.TestRunner.beforeRun(TestRunner.java:641)
	at org.testng.TestRunner.run(TestRunner.java:609)
	at org.testng.SuiteRunner.runTest(SuiteRunner.java:334)
	at org.testng.SuiteRunner.runSequentially(SuiteRunner.java:329)
	at org.testng.SuiteRunner.privateRun(SuiteRunner.java:291)
	at org.testng.SuiteRunner.run(SuiteRunner.java:240)
	at org.testng.SuiteRunnerWorker.runSuite(SuiteRunnerWorker.java:53)
	at org.testng.SuiteRunnerWorker.run(SuiteRunnerWorker.java:87)
	at org.testng.TestNG.runSuitesSequentially(TestNG.java:1185)
	at org.testng.TestNG.runSuitesLocally(TestNG.java:1110)
	at org.testng.TestNG.run(TestNG.java:1022)
	at org.testng.remote.RemoteTestNG.run(RemoteTestNG.java:109)
	at org.testng.remote.RemoteTestNG.initAndRun(RemoteTestNG.java:202)
	at org.testng.remote.RemoteTestNG.main(RemoteTestNG.java:173)
]]>
            </full-stacktrace>
          </exception> <!-- org.testng.SkipException -->
        </test-method> <!-- openBrowser -->
        <test-method status="SKIP" signature="closingBrowser()[pri:0, instance:com.myapp.SampleTest@8fce95]" name="closingBrowser" is-config="true" duration-ms="0" started-at="2012-02-22T13:18:51Z" finished-at="2012-02-22T13:18:51Z">
        </test-method> <!-- closingBrowser -->
        <test-method status="SKIP" signature="testLandingPage()[pri:0, instance:com.myapp.SampleTest@8fce95]" name="testLandingPage" duration-ms="0" started-at="2012-02-22T13:18:51Z" finished-at="2012-02-22T13:18:51Z">
        </test-method> <!-- testLandingPage -->
      </class> <!-- com.myapp.SampleTest -->
      <class name="com.myapp.NewTest">
        <test-method status="PASS" signature="beforeSuite()[pri:0, instance:com.myapp.NewTest@1f42b49]" name="beforeSuite" is-config="true" duration-ms="7" started-at="2012-02-22T13:18:51Z" finished-at="2012-02-22T13:18:51Z">
        </test-method> <!-- beforeSuite -->
        <test-method status="PASS" signature="afterSuite()[pri:0, instance:com.myapp.NewTest@1f42b49]" name="afterSuite" is-config="true" duration-ms="1" started-at="2012-02-22T13:18:51Z" finished-at="2012-02-22T13:18:51Z">
        </test-method> <!-- afterSuite -->
      </class> <!-- com.myapp.NewTest -->
    </test> <!-- Sample Test Case -->
  </suite> <!-- Sample Suite Number 2 -->
</testng-results>
